<?xml version="1.0" encoding="UTF-8"?>
<testng-results skipped="0" failed="0" ignored="0" total="1" passed="1">
  <reporter-output>
  </reporter-output>
  <suite name="Test Suite" duration-ms="12610" started-at="2021-09-01T00:32:10 IST" finished-at="2021-09-01T00:32:23 IST">
    <groups>
      <group name="cucumber">
        <method signature="AbstractTestNGCucumberTests.runScenario(io.cucumber.testng.PickleWrapper, io.cucumber.testng.FeatureWrapper)[pri:0, instance:com.sauce.testRunner.TestRunner@3bd82cf5]" name="runScenario" class="io.cucumber.testng.AbstractTestNGCucumberTests"/>
      </group> <!-- cucumber -->
    </groups>
    <test name="Regression Tests" duration-ms="12610" started-at="2021-09-01T00:32:10 IST" finished-at="2021-09-01T00:32:23 IST">
      <class name="com.sauce.testRunner.TestRunner">
        <test-method status="PASS" signature="setup()[pri:0, instance:com.sauce.testRunner.TestRunner@3bd82cf5]" name="setup" is-config="true" duration-ms="19" started-at="2021-09-01T00:32:10 IST" finished-at="2021-09-01T00:32:10 IST">
          <reporter-output>
          </reporter-output>
        </test-method> <!-- setup -->
        <test-method status="PASS" signature="setUpClass()[pri:0, instance:com.sauce.testRunner.TestRunner@3bd82cf5]" name="setUpClass" is-config="true" duration-ms="362" started-at="2021-09-01T00:32:10 IST" finished-at="2021-09-01T00:32:11 IST">
          <reporter-output>
          </reporter-output>
        </test-method> <!-- setUpClass -->
        <test-method status="PASS" signature="runScenario(io.cucumber.testng.PickleWrapper, io.cucumber.testng.FeatureWrapper)[pri:0, instance:com.sauce.testRunner.TestRunner@3bd82cf5]" name="runScenario" duration-ms="12078" started-at="2021-09-01T00:32:11 IST" description="Runs Cucumber Scenarios" data-provider="scenarios" finished-at="2021-09-01T00:32:23 IST">
          <params>
            <param index="0">
              <value>
                <![CDATA["Login to application"]]>
              </value>
            </param>
            <param index="1">
              <value>
                <![CDATA["Optional[Login User]"]]>
              </value>
            </param>
          </params>
          <reporter-output>
          </reporter-output>
        </test-method> <!-- runScenario -->
        <test-method status="PASS" signature="tearDownClass()[pri:0, instance:com.sauce.testRunner.TestRunner@3bd82cf5]" name="tearDownClass" is-config="true" duration-ms="4" started-at="2021-09-01T00:32:23 IST" finished-at="2021-09-01T00:32:23 IST">
          <reporter-output>
          </reporter-output>
        </test-method> <!-- tearDownClass -->
      </class> <!-- com.sauce.testRunner.TestRunner -->
    </test> <!-- Regression Tests -->
  </suite> <!-- Test Suite -->
</testng-results>
